[~NE40E]disp ver
Huawei Versatile Routing Platform Software
VRP (R) software, Version 8.180 (NE40E V800R011C00SPC607B607)
Copyright (C) 2012-2018 Huawei Technologies Co., Ltd.
HUAWEI NE40E uptime is 0 day, 0 hour, 11 minutes 
SVRP Platform Version 1.0
               
[~NE40E]disp current-configuration
!Software Version V800R011C00SPC607B607
!Last configuration was updated at 2025-12-08 20:58:53+00:00 by SYSTEM automatically
!Last configuration was saved at 2025-12-08 20:57:04+00:00
#
sysname NE40E
#
set neid ba322d
#
vsm on-board-mode enable
#
snmp-agent trap type base-trap
#
icmp rate-limit disable
#
ip dcn vpn-instance __dcn_vpn__
 ipv4-family
#
pnp default route 192.168.1.1
#
aaa
 local-user netconftest password irreversible-cipher $1c$3T_.&|n#'+$Vp`%+R{nBMiQ'b8MT(0HE#<7.g~.Z3ZDV/CF2+KS$
 local-user netconftest service-type ssh
 local-user netconftest level 3
 local-user netconftest state block fail-times 3 interval 5
 #
 authentication-scheme default0
 #
 authentication-scheme default1
 #
 authentication-scheme default
  authentication-mode local radius
 #
 authorization-scheme default
 #
 accounting-scheme default0
 #
 accounting-scheme default1
 #
 domain default0
 #
 domain default1
 #
 domain default_admin
#
license
#
interface Ethernet1/0/0
 undo shutdown
 ip address 192.168.1.111 255.255.255.0
 dcn
 dcn mode vlan
#
interface Ethernet1/0/0.4094
 vlan-type dot1q 4094
 ip binding vpn-instance __dcn_vpn__
 ip address unnumbered interface LoopBack2147483647
#
interface Ethernet1/0/1
 undo shutdown
 dcn
 dcn mode vlan
#
interface Ethernet1/0/1.4094
 vlan-type dot1q 4094
 ip binding vpn-instance __dcn_vpn__
 ip address unnumbered interface LoopBack2147483647
#
interface Ethernet1/0/2
 undo shutdown
 dcn mode vlan  
#
interface Ethernet1/0/2.4094
 vlan-type dot1q 4094
 ip binding vpn-instance __dcn_vpn__
 ip address unnumbered interface LoopBack2147483647
#
interface Ethernet1/0/3
 undo shutdown
 dcn mode vlan
#
interface Ethernet1/0/3.4094
 vlan-type dot1q 4094
 ip binding vpn-instance __dcn_vpn__
 ip address unnumbered interface LoopBack2147483647
#
interface Ethernet1/0/4
 undo shutdown
 dcn mode vlan
#
interface Ethernet1/0/4.4094
 vlan-type dot1q 4094
 ip binding vpn-instance __dcn_vpn__
 ip address unnumbered interface LoopBack2147483647
#
interface Ethernet1/0/5
 undo shutdown
 dcn mode vlan
#
interface Ethernet1/0/5.4094
 vlan-type dot1q 4094
 ip binding vpn-instance __dcn_vpn__
 ip address unnumbered interface LoopBack2147483647
#
interface Ethernet1/0/6
 undo shutdown
 dcn mode vlan
#
interface Ethernet1/0/6.4094
 vlan-type dot1q 4094
 ip binding vpn-instance __dcn_vpn__
 ip address unnumbered interface LoopBack2147483647
#
interface Ethernet1/0/7
 undo shutdown
 dcn mode vlan
#               
interface Ethernet1/0/7.4094
 vlan-type dot1q 4094
 ip binding vpn-instance __dcn_vpn__
 ip address unnumbered interface LoopBack2147483647
#
interface Ethernet1/0/8
 undo shutdown
 dcn mode vlan
#
interface Ethernet1/0/8.4094
 vlan-type dot1q 4094
 ip binding vpn-instance __dcn_vpn__
 ip address unnumbered interface LoopBack2147483647
#
interface Ethernet1/0/9
 undo shutdown
 dcn mode vlan
#
interface Ethernet1/0/9.4094
 vlan-type dot1q 4094
 ip binding vpn-instance __dcn_vpn__
 ip address unnumbered interface LoopBack2147483647
#               
interface GigabitEthernet0/0/0
 undo shutdown
#
interface LoopBack2147483647
 description DCN loopback interface
 ip binding vpn-instance __dcn_vpn__
 ip address 128.186.50.45 255.255.0.0
#
interface NULL0
#
ospf 65534 vpn-instance __dcn_vpn__
 description DCN ospf create by default
 opaque-capability enable
 hostname
 vpn-instance-capability simple
 area 0.0.0.0
  network 0.0.0.0 255.255.255.255
#
!The DCN function implements the capability of plug-and-play for this device.
!A NE IP address based on the unique NE ID is automatically generated in VPN
!of DCN. It is recommended that the NE IP address be changed to the planned 
!one by running the ne-ip X.X.X.X <MASK> command after the device being online.
dcn             
#
lldp enable
#
snetconf server enable
ssh user netconftest
ssh user netconftest authentication-type password
ssh user netconftest service-type snetconf
ssh authorization-type default aaa
#
ssh server cipher aes128_gcm aes256_ctr aes192_ctr aes128_ctr
#
ssh server dh-exchange min-len 1024
#
ssh client cipher aes256_gcm aes128_gcm aes256_ctr aes192_ctr aes128_ctr aes256_cbc aes128_cbc 3des_cbc
#
user-interface con 0
#
user-interface aux 0
#
netconf
 protocol inbound ssh port 830
#
local-aaa-server
#
vm-manager
#
return