# H3C Netconf YANG 初始化配置脚本
# 实验平台为HCL 5.10.3
# 实验设备为MSR36-20，系统版本为H3C Comware Software, Version 7.1.064，Release 0427P22
system-view

# 创建本地用户
local-user zzy class manage
 password simple 123456qwer
 service-type ssh
 authorization-attribute user-role network-admin

# SSH相关配置
ssh server enable
ssh user zzy service-type all authentication-type password

# VTY线路配置
user-interface vty 0 15
 authentication-mode scheme
 protocol inbound ssh
 user-role network-admin
 quit

# 接口配置
interface GigabitEthernet0/0
 ip address 192.168.56.123 255.255.255.0

# 建立ssh连接时，临时添加rsa算法支持
# ssh -o HostKeyAlgorithms=+ssh-rsa zzy@192.168.56.101